{"C:\\Users\\svalerperez\\Downloads\\node-api\\src\\app.ts": {"path":"C:\\Users\\svalerperez\\Downloads\\node-api\\src\\app.ts","statementMap":{"0":{"start":{"line":1,"column":0},"end":{"line":1,"column":30}},"1":{"start":{"line":2,"column":0},"end":{"line":2,"column":43}},"2":{"start":{"line":3,"column":0},"end":{"line":3,"column":47}},"3":{"start":{"line":4,"column":0},"end":{"line":4,"column":36}},"4":{"start":{"line":5,"column":0},"end":{"line":5,"column":64}},"5":{"start":{"line":7,"column":25},"end":{"line":14,"column":1}},"6":{"start":{"line":8,"column":14},"end":{"line":8,"column":23}},"7":{"start":{"line":9,"column":2},"end":{"line":9,"column":43}},"8":{"start":{"line":10,"column":2},"end":{"line":10,"column":70}},"9":{"start":{"line":11,"column":2},"end":{"line":11,"column":26}},"10":{"start":{"line":12,"column":2},"end":{"line":12,"column":27}},"11":{"start":{"line":13,"column":2},"end":{"line":13,"column":13}},"12":{"start":{"line":7,"column":13},"end":{"line":7,"column":25}}},"fnMap":{"0":{"name":"(anonymous_1)","decl":{"start":{"line":7,"column":25},"end":{"line":7,"column":28}},"loc":{"start":{"line":7,"column":30},"end":{"line":14,"column":1}}}},"branchMap":{},"s":{"0":1,"1":1,"2":1,"3":1,"4":1,"5":1,"6":4,"7":4,"8":4,"9":4,"10":4,"11":4,"12":1},"f":{"0":4},"b":{}}
,"C:\\Users\\svalerperez\\Downloads\\node-api\\src\\seed.ts": {"path":"C:\\Users\\svalerperez\\Downloads\\node-api\\src\\seed.ts","statementMap":{"0":{"start":{"line":1,"column":0},"end":{"line":1,"column":41}},"1":{"start":{"line":3,"column":13},"end":{"line":45,"column":1}},"2":{"start":{"line":4,"column":17},"end":{"line":12,"column":4}},"3":{"start":{"line":14,"column":19},"end":{"line":22,"column":4}},"4":{"start":{"line":24,"column":18},"end":{"line":32,"column":4}},"5":{"start":{"line":34,"column":2},"end":{"line":34,"column":182}},"6":{"start":{"line":35,"column":2},"end":{"line":35,"column":187}},"7":{"start":{"line":36,"column":2},"end":{"line":36,"column":185}},"8":{"start":{"line":38,"column":2},"end":{"line":38,"column":185}},"9":{"start":{"line":39,"column":2},"end":{"line":39,"column":182}},"10":{"start":{"line":40,"column":2},"end":{"line":40,"column":197}},"11":{"start":{"line":42,"column":2},"end":{"line":42,"column":187}},"12":{"start":{"line":43,"column":2},"end":{"line":43,"column":188}},"13":{"start":{"line":44,"column":2},"end":{"line":44,"column":217}},"14":{"start":{"line":47,"column":0},"end":{"line":47,"column":20}}},"fnMap":{"0":{"name":"(anonymous_0)","decl":{"start":{"line":3,"column":13},"end":{"line":3,"column":18}},"loc":{"start":{"line":3,"column":39},"end":{"line":45,"column":1}}}},"branchMap":{},"s":{"0":1,"1":1,"2":3,"3":3,"4":3,"5":3,"6":3,"7":3,"8":3,"9":3,"10":3,"11":3,"12":3,"13":3,"14":1},"f":{"0":3},"b":{}}
,"C:\\Users\\svalerperez\\Downloads\\node-api\\src\\adapters\\http\\sendResponse.ts": {"path":"C:\\Users\\svalerperez\\Downloads\\node-api\\src\\adapters\\http\\sendResponse.ts","statementMap":{"0":{"start":{"line":3,"column":27},"end":{"line":5,"column":1}},"1":{"start":{"line":4,"column":2},"end":{"line":4,"column":51}},"2":{"start":{"line":3,"column":13},"end":{"line":3,"column":27}},"3":{"start":{"line":7,"column":25},"end":{"line":9,"column":1}},"4":{"start":{"line":8,"column":2},"end":{"line":8,"column":62}},"5":{"start":{"line":7,"column":13},"end":{"line":7,"column":25}},"6":{"start":{"line":11,"column":29},"end":{"line":28,"column":1}},"7":{"start":{"line":18,"column":2},"end":{"line":27,"column":5}},"8":{"start":{"line":11,"column":13},"end":{"line":11,"column":29}}},"fnMap":{"0":{"name":"(anonymous_0)","decl":{"start":{"line":3,"column":27},"end":{"line":3,"column":28}},"loc":{"start":{"line":3,"column":80},"end":{"line":5,"column":1}}},"1":{"name":"(anonymous_1)","decl":{"start":{"line":7,"column":25},"end":{"line":7,"column":26}},"loc":{"start":{"line":7,"column":80},"end":{"line":9,"column":1}}},"2":{"name":"(anonymous_2)","decl":{"start":{"line":11,"column":29},"end":{"line":11,"column":null}},"loc":{"start":{"line":17,"column":10},"end":{"line":28,"column":1}}}},"branchMap":{"0":{"loc":{"start":{"line":3,"column":58},"end":{"line":3,"column":70}},"type":"default-arg","locations":[{"start":{"line":3,"column":67},"end":{"line":3,"column":70}}]},"1":{"loc":{"start":{"line":7,"column":58},"end":{"line":7,"column":70}},"type":"default-arg","locations":[{"start":{"line":7,"column":67},"end":{"line":7,"column":70}}]}},"s":{"0":4,"1":2,"2":4,"3":4,"4":3,"5":4,"6":4,"7":2,"8":4},"f":{"0":2,"1":3,"2":2},"b":{"0":[1],"1":[1]}}
,"C:\\Users\\svalerperez\\Downloads\\node-api\\src\\config\\database.ts": {"path":"C:\\Users\\svalerperez\\Downloads\\node-api\\src\\config\\database.ts","statementMap":{"0":{"start":{"line":1,"column":0},"end":{"line":1,"column":38}},"1":{"start":{"line":3,"column":18},"end":{"line":7,"column":2}},"2":{"start":{"line":9,"column":0},"end":{"line":9,"column":25}}},"fnMap":{},"branchMap":{},"s":{"0":10,"1":10,"2":10},"f":{},"b":{}}
,"C:\\Users\\svalerperez\\Downloads\\node-api\\src\\config\\swagger.ts": {"path":"C:\\Users\\svalerperez\\Downloads\\node-api\\src\\config\\swagger.ts","statementMap":{"0":{"start":{"line":1,"column":0},"end":{"line":1,"column":41}},"1":{"start":{"line":3,"column":38},"end":{"line":245,"column":2}},"2":{"start":{"line":247,"column":13},"end":{"line":247,"column":49}}},"fnMap":{},"branchMap":{},"s":{"0":1,"1":1,"2":1},"f":{},"b":{}}
,"C:\\Users\\svalerperez\\Downloads\\node-api\\src\\controllers\\ciudad.controller.ts": {"path":"C:\\Users\\svalerperez\\Downloads\\node-api\\src\\controllers\\ciudad.controller.ts","statementMap":{"0":{"start":{"line":2,"column":0},"end":{"line":2,"column":53}},"1":{"start":{"line":3,"column":0},"end":{"line":3,"column":75}},"2":{"start":{"line":4,"column":0},"end":{"line":4,"column":60}},"3":{"start":{"line":5,"column":0},"end":{"line":5,"column":60}},"4":{"start":{"line":8,"column":30},"end":{"line":17,"column":1}},"5":{"start":{"line":9,"column":2},"end":{"line":16,"column":3}},"6":{"start":{"line":10,"column":17},"end":{"line":10,"column":73}},"7":{"start":{"line":11,"column":18},"end":{"line":11,"column":76}},"8":{"start":{"line":12,"column":28},"end":{"line":12,"column":75}},"9":{"start":{"line":13,"column":4},"end":{"line":13,"column":49}},"10":{"start":{"line":15,"column":4},"end":{"line":15,"column":14}},"11":{"start":{"line":8,"column":13},"end":{"line":8,"column":30}},"12":{"start":{"line":19,"column":29},"end":{"line":32,"column":1}},"13":{"start":{"line":20,"column":2},"end":{"line":31,"column":3}},"14":{"start":{"line":21,"column":19},"end":{"line":21,"column":40}},"15":{"start":{"line":22,"column":4},"end":{"line":24,"column":5}},"16":{"start":{"line":23,"column":6},"end":{"line":23,"column":83}},"17":{"start":{"line":23,"column":56},"end":{"line":23,"column":69}},"18":{"start":{"line":25,"column":15},"end":{"line":25,"column":50}},"19":{"start":{"line":26,"column":4},"end":{"line":26,"column":92}},"20":{"start":{"line":26,"column":29},"end":{"line":26,"column":92}},"21":{"start":{"line":27,"column":19},"end":{"line":27,"column":56}},"22":{"start":{"line":28,"column":4},"end":{"line":28,"column":29}},"23":{"start":{"line":30,"column":4},"end":{"line":30,"column":14}},"24":{"start":{"line":19,"column":13},"end":{"line":19,"column":29}},"25":{"start":{"line":34,"column":28},"end":{"line":45,"column":1}},"26":{"start":{"line":35,"column":2},"end":{"line":44,"column":3}},"27":{"start":{"line":36,"column":19},"end":{"line":36,"column":40}},"28":{"start":{"line":37,"column":4},"end":{"line":39,"column":5}},"29":{"start":{"line":38,"column":6},"end":{"line":38,"column":83}},"30":{"start":{"line":38,"column":56},"end":{"line":38,"column":69}},"31":{"start":{"line":40,"column":19},"end":{"line":40,"column":93}},"32":{"start":{"line":41,"column":4},"end":{"line":41,"column":34}},"33":{"start":{"line":43,"column":4},"end":{"line":43,"column":14}},"34":{"start":{"line":34,"column":13},"end":{"line":34,"column":28}},"35":{"start":{"line":47,"column":28},"end":{"line":60,"column":1}},"36":{"start":{"line":48,"column":2},"end":{"line":59,"column":3}},"37":{"start":{"line":49,"column":19},"end":{"line":49,"column":40}},"38":{"start":{"line":50,"column":4},"end":{"line":52,"column":5}},"39":{"start":{"line":51,"column":6},"end":{"line":51,"column":83}},"40":{"start":{"line":51,"column":56},"end":{"line":51,"column":69}},"41":{"start":{"line":53,"column":15},"end":{"line":53,"column":50}},"42":{"start":{"line":54,"column":4},"end":{"line":54,"column":92}},"43":{"start":{"line":54,"column":29},"end":{"line":54,"column":92}},"44":{"start":{"line":55,"column":19},"end":{"line":55,"column":97}},"45":{"start":{"line":56,"column":4},"end":{"line":56,"column":29}},"46":{"start":{"line":58,"column":4},"end":{"line":58,"column":14}},"47":{"start":{"line":47,"column":13},"end":{"line":47,"column":28}},"48":{"start":{"line":62,"column":28},"end":{"line":75,"column":1}},"49":{"start":{"line":63,"column":2},"end":{"line":74,"column":3}},"50":{"start":{"line":64,"column":19},"end":{"line":64,"column":40}},"51":{"start":{"line":65,"column":4},"end":{"line":67,"column":5}},"52":{"start":{"line":66,"column":6},"end":{"line":66,"column":83}},"53":{"start":{"line":66,"column":56},"end":{"line":66,"column":69}},"54":{"start":{"line":68,"column":15},"end":{"line":68,"column":50}},"55":{"start":{"line":69,"column":4},"end":{"line":69,"column":92}},"56":{"start":{"line":69,"column":29},"end":{"line":69,"column":92}},"57":{"start":{"line":70,"column":4},"end":{"line":70,"column":41}},"58":{"start":{"line":71,"column":4},"end":{"line":71,"column":68}},"59":{"start":{"line":73,"column":4},"end":{"line":73,"column":14}},"60":{"start":{"line":62,"column":13},"end":{"line":62,"column":28}}},"fnMap":{"0":{"name":"(anonymous_9)","decl":{"start":{"line":8,"column":30},"end":{"line":8,"column":35}},"loc":{"start":{"line":8,"column":103},"end":{"line":17,"column":1}}},"1":{"name":"(anonymous_10)","decl":{"start":{"line":19,"column":29},"end":{"line":19,"column":34}},"loc":{"start":{"line":19,"column":102},"end":{"line":32,"column":1}}},"2":{"name":"(anonymous_11)","decl":{"start":{"line":23,"column":51},"end":{"line":23,"column":52}},"loc":{"start":{"line":23,"column":56},"end":{"line":23,"column":69}}},"3":{"name":"(anonymous_12)","decl":{"start":{"line":34,"column":28},"end":{"line":34,"column":33}},"loc":{"start":{"line":34,"column":101},"end":{"line":45,"column":1}}},"4":{"name":"(anonymous_13)","decl":{"start":{"line":38,"column":51},"end":{"line":38,"column":52}},"loc":{"start":{"line":38,"column":56},"end":{"line":38,"column":69}}},"5":{"name":"(anonymous_14)","decl":{"start":{"line":47,"column":28},"end":{"line":47,"column":33}},"loc":{"start":{"line":47,"column":101},"end":{"line":60,"column":1}}},"6":{"name":"(anonymous_15)","decl":{"start":{"line":51,"column":51},"end":{"line":51,"column":52}},"loc":{"start":{"line":51,"column":56},"end":{"line":51,"column":69}}},"7":{"name":"(anonymous_16)","decl":{"start":{"line":62,"column":28},"end":{"line":62,"column":33}},"loc":{"start":{"line":62,"column":101},"end":{"line":75,"column":1}}},"8":{"name":"(anonymous_17)","decl":{"start":{"line":66,"column":51},"end":{"line":66,"column":52}},"loc":{"start":{"line":66,"column":56},"end":{"line":66,"column":69}}}},"branchMap":{"0":{"loc":{"start":{"line":10,"column":29},"end":{"line":10,"column":72}},"type":"binary-expr","locations":[{"start":{"line":10,"column":29},"end":{"line":10,"column":67}},{"start":{"line":10,"column":71},"end":{"line":10,"column":72}}]},"1":{"loc":{"start":{"line":11,"column":30},"end":{"line":11,"column":75}},"type":"binary-expr","locations":[{"start":{"line":11,"column":30},"end":{"line":11,"column":69}},{"start":{"line":11,"column":73},"end":{"line":11,"column":75}}]},"2":{"loc":{"start":{"line":22,"column":4},"end":{"line":24,"column":5}},"type":"if","locations":[{"start":{"line":22,"column":4},"end":{"line":24,"column":5}}]},"3":{"loc":{"start":{"line":26,"column":4},"end":{"line":26,"column":92}},"type":"if","locations":[{"start":{"line":26,"column":4},"end":{"line":26,"column":92}}]},"4":{"loc":{"start":{"line":26,"column":8},"end":{"line":26,"column":27}},"type":"binary-expr","locations":[{"start":{"line":26,"column":8},"end":{"line":26,"column":17}},{"start":{"line":26,"column":21},"end":{"line":26,"column":27}}]},"5":{"loc":{"start":{"line":37,"column":4},"end":{"line":39,"column":5}},"type":"if","locations":[{"start":{"line":37,"column":4},"end":{"line":39,"column":5}}]},"6":{"loc":{"start":{"line":50,"column":4},"end":{"line":52,"column":5}},"type":"if","locations":[{"start":{"line":50,"column":4},"end":{"line":52,"column":5}}]},"7":{"loc":{"start":{"line":54,"column":4},"end":{"line":54,"column":92}},"type":"if","locations":[{"start":{"line":54,"column":4},"end":{"line":54,"column":92}}]},"8":{"loc":{"start":{"line":54,"column":8},"end":{"line":54,"column":27}},"type":"binary-expr","locations":[{"start":{"line":54,"column":8},"end":{"line":54,"column":17}},{"start":{"line":54,"column":21},"end":{"line":54,"column":27}}]},"9":{"loc":{"start":{"line":65,"column":4},"end":{"line":67,"column":5}},"type":"if","locations":[{"start":{"line":65,"column":4},"end":{"line":67,"column":5}}]},"10":{"loc":{"start":{"line":69,"column":4},"end":{"line":69,"column":92}},"type":"if","locations":[{"start":{"line":69,"column":4},"end":{"line":69,"column":92}}]},"11":{"loc":{"start":{"line":69,"column":8},"end":{"line":69,"column":27}},"type":"binary-expr","locations":[{"start":{"line":69,"column":8},"end":{"line":69,"column":17}},{"start":{"line":69,"column":21},"end":{"line":69,"column":27}}]}},"s":{"0":3,"1":3,"2":3,"3":3,"4":3,"5":4,"6":4,"7":4,"8":4,"9":3,"10":1,"11":3,"12":3,"13":4,"14":4,"15":4,"16":1,"17":1,"18":3,"19":3,"20":1,"21":2,"22":1,"23":3,"24":3,"25":3,"26":3,"27":3,"28":3,"29":1,"30":1,"31":2,"32":1,"33":2,"34":3,"35":3,"36":4,"37":4,"38":4,"39":1,"40":1,"41":3,"42":3,"43":1,"44":2,"45":1,"46":3,"47":3,"48":3,"49":4,"50":4,"51":4,"52":1,"53":1,"54":3,"55":3,"56":1,"57":2,"58":1,"59":3,"60":3},"f":{"0":4,"1":4,"2":1,"3":3,"4":1,"5":4,"6":1,"7":4,"8":1},"b":{"0":[4,2],"1":[4,2],"2":[1],"3":[1],"4":[3,3],"5":[1],"6":[1],"7":[1],"8":[3,3],"9":[1],"10":[1],"11":[3,3]}}
,"C:\\Users\\svalerperez\\Downloads\\node-api\\src\\controllers\\lugar.controller.ts": {"path":"C:\\Users\\svalerperez\\Downloads\\node-api\\src\\controllers\\lugar.controller.ts","statementMap":{"0":{"start":{"line":2,"column":0},"end":{"line":2,"column":53}},"1":{"start":{"line":3,"column":0},"end":{"line":3,"column":75}},"2":{"start":{"line":4,"column":0},"end":{"line":4,"column":60}},"3":{"start":{"line":5,"column":0},"end":{"line":5,"column":58}},"4":{"start":{"line":8,"column":34},"end":{"line":23,"column":1}},"5":{"start":{"line":9,"column":2},"end":{"line":22,"column":3}},"6":{"start":{"line":10,"column":19},"end":{"line":10,"column":40}},"7":{"start":{"line":11,"column":4},"end":{"line":13,"column":5}},"8":{"start":{"line":12,"column":6},"end":{"line":12,"column":83}},"9":{"start":{"line":12,"column":56},"end":{"line":12,"column":69}},"10":{"start":{"line":14,"column":21},"end":{"line":14,"column":63}},"11":{"start":{"line":15,"column":4},"end":{"line":15,"column":108}},"12":{"start":{"line":15,"column":41},"end":{"line":15,"column":108}},"13":{"start":{"line":16,"column":17},"end":{"line":16,"column":73}},"14":{"start":{"line":17,"column":18},"end":{"line":17,"column":76}},"15":{"start":{"line":18,"column":28},"end":{"line":18,"column":88}},"16":{"start":{"line":19,"column":4},"end":{"line":19,"column":49}},"17":{"start":{"line":21,"column":4},"end":{"line":21,"column":14}},"18":{"start":{"line":8,"column":13},"end":{"line":8,"column":34}},"19":{"start":{"line":25,"column":28},"end":{"line":38,"column":1}},"20":{"start":{"line":26,"column":2},"end":{"line":37,"column":3}},"21":{"start":{"line":27,"column":19},"end":{"line":27,"column":40}},"22":{"start":{"line":28,"column":4},"end":{"line":30,"column":5}},"23":{"start":{"line":29,"column":6},"end":{"line":29,"column":83}},"24":{"start":{"line":29,"column":56},"end":{"line":29,"column":69}},"25":{"start":{"line":31,"column":15},"end":{"line":31,"column":50}},"26":{"start":{"line":32,"column":4},"end":{"line":32,"column":92}},"27":{"start":{"line":32,"column":29},"end":{"line":32,"column":92}},"28":{"start":{"line":33,"column":18},"end":{"line":33,"column":53}},"29":{"start":{"line":34,"column":4},"end":{"line":34,"column":28}},"30":{"start":{"line":36,"column":4},"end":{"line":36,"column":14}},"31":{"start":{"line":25,"column":13},"end":{"line":25,"column":28}},"32":{"start":{"line":40,"column":27},"end":{"line":51,"column":1}},"33":{"start":{"line":41,"column":2},"end":{"line":50,"column":3}},"34":{"start":{"line":42,"column":19},"end":{"line":42,"column":40}},"35":{"start":{"line":43,"column":4},"end":{"line":45,"column":5}},"36":{"start":{"line":44,"column":6},"end":{"line":44,"column":83}},"37":{"start":{"line":44,"column":56},"end":{"line":44,"column":69}},"38":{"start":{"line":46,"column":18},"end":{"line":46,"column":89}},"39":{"start":{"line":47,"column":4},"end":{"line":47,"column":33}},"40":{"start":{"line":49,"column":4},"end":{"line":49,"column":14}},"41":{"start":{"line":40,"column":13},"end":{"line":40,"column":27}},"42":{"start":{"line":53,"column":27},"end":{"line":66,"column":1}},"43":{"start":{"line":54,"column":2},"end":{"line":65,"column":3}},"44":{"start":{"line":55,"column":19},"end":{"line":55,"column":40}},"45":{"start":{"line":56,"column":4},"end":{"line":58,"column":5}},"46":{"start":{"line":57,"column":6},"end":{"line":57,"column":83}},"47":{"start":{"line":57,"column":56},"end":{"line":57,"column":69}},"48":{"start":{"line":59,"column":15},"end":{"line":59,"column":50}},"49":{"start":{"line":60,"column":4},"end":{"line":60,"column":92}},"50":{"start":{"line":60,"column":29},"end":{"line":60,"column":92}},"51":{"start":{"line":61,"column":18},"end":{"line":61,"column":102}},"52":{"start":{"line":62,"column":4},"end":{"line":62,"column":28}},"53":{"start":{"line":64,"column":4},"end":{"line":64,"column":14}},"54":{"start":{"line":53,"column":13},"end":{"line":53,"column":27}},"55":{"start":{"line":68,"column":27},"end":{"line":81,"column":1}},"56":{"start":{"line":69,"column":2},"end":{"line":80,"column":3}},"57":{"start":{"line":70,"column":19},"end":{"line":70,"column":40}},"58":{"start":{"line":71,"column":4},"end":{"line":73,"column":5}},"59":{"start":{"line":72,"column":6},"end":{"line":72,"column":83}},"60":{"start":{"line":72,"column":56},"end":{"line":72,"column":69}},"61":{"start":{"line":74,"column":15},"end":{"line":74,"column":50}},"62":{"start":{"line":75,"column":4},"end":{"line":75,"column":92}},"63":{"start":{"line":75,"column":29},"end":{"line":75,"column":92}},"64":{"start":{"line":76,"column":4},"end":{"line":76,"column":39}},"65":{"start":{"line":77,"column":4},"end":{"line":77,"column":67}},"66":{"start":{"line":79,"column":4},"end":{"line":79,"column":14}},"67":{"start":{"line":68,"column":13},"end":{"line":68,"column":27}}},"fnMap":{"0":{"name":"(anonymous_9)","decl":{"start":{"line":8,"column":34},"end":{"line":8,"column":39}},"loc":{"start":{"line":8,"column":107},"end":{"line":23,"column":1}}},"1":{"name":"(anonymous_10)","decl":{"start":{"line":12,"column":51},"end":{"line":12,"column":52}},"loc":{"start":{"line":12,"column":56},"end":{"line":12,"column":69}}},"2":{"name":"(anonymous_11)","decl":{"start":{"line":25,"column":28},"end":{"line":25,"column":33}},"loc":{"start":{"line":25,"column":101},"end":{"line":38,"column":1}}},"3":{"name":"(anonymous_12)","decl":{"start":{"line":29,"column":51},"end":{"line":29,"column":52}},"loc":{"start":{"line":29,"column":56},"end":{"line":29,"column":69}}},"4":{"name":"(anonymous_13)","decl":{"start":{"line":40,"column":27},"end":{"line":40,"column":32}},"loc":{"start":{"line":40,"column":100},"end":{"line":51,"column":1}}},"5":{"name":"(anonymous_14)","decl":{"start":{"line":44,"column":51},"end":{"line":44,"column":52}},"loc":{"start":{"line":44,"column":56},"end":{"line":44,"column":69}}},"6":{"name":"(anonymous_15)","decl":{"start":{"line":53,"column":27},"end":{"line":53,"column":32}},"loc":{"start":{"line":53,"column":100},"end":{"line":66,"column":1}}},"7":{"name":"(anonymous_16)","decl":{"start":{"line":57,"column":51},"end":{"line":57,"column":52}},"loc":{"start":{"line":57,"column":56},"end":{"line":57,"column":69}}},"8":{"name":"(anonymous_17)","decl":{"start":{"line":68,"column":27},"end":{"line":68,"column":32}},"loc":{"start":{"line":68,"column":100},"end":{"line":81,"column":1}}},"9":{"name":"(anonymous_18)","decl":{"start":{"line":72,"column":51},"end":{"line":72,"column":52}},"loc":{"start":{"line":72,"column":56},"end":{"line":72,"column":69}}}},"branchMap":{"0":{"loc":{"start":{"line":11,"column":4},"end":{"line":13,"column":5}},"type":"if","locations":[{"start":{"line":11,"column":4},"end":{"line":13,"column":5}}]},"1":{"loc":{"start":{"line":15,"column":4},"end":{"line":15,"column":108}},"type":"if","locations":[{"start":{"line":15,"column":4},"end":{"line":15,"column":108}}]},"2":{"loc":{"start":{"line":15,"column":8},"end":{"line":15,"column":39}},"type":"binary-expr","locations":[{"start":{"line":15,"column":8},"end":{"line":15,"column":23}},{"start":{"line":15,"column":27},"end":{"line":15,"column":39}}]},"3":{"loc":{"start":{"line":16,"column":29},"end":{"line":16,"column":72}},"type":"binary-expr","locations":[{"start":{"line":16,"column":29},"end":{"line":16,"column":67}},{"start":{"line":16,"column":71},"end":{"line":16,"column":72}}]},"4":{"loc":{"start":{"line":17,"column":30},"end":{"line":17,"column":75}},"type":"binary-expr","locations":[{"start":{"line":17,"column":30},"end":{"line":17,"column":69}},{"start":{"line":17,"column":73},"end":{"line":17,"column":75}}]},"5":{"loc":{"start":{"line":28,"column":4},"end":{"line":30,"column":5}},"type":"if","locations":[{"start":{"line":28,"column":4},"end":{"line":30,"column":5}}]},"6":{"loc":{"start":{"line":32,"column":4},"end":{"line":32,"column":92}},"type":"if","locations":[{"start":{"line":32,"column":4},"end":{"line":32,"column":92}}]},"7":{"loc":{"start":{"line":32,"column":8},"end":{"line":32,"column":27}},"type":"binary-expr","locations":[{"start":{"line":32,"column":8},"end":{"line":32,"column":17}},{"start":{"line":32,"column":21},"end":{"line":32,"column":27}}]},"8":{"loc":{"start":{"line":43,"column":4},"end":{"line":45,"column":5}},"type":"if","locations":[{"start":{"line":43,"column":4},"end":{"line":45,"column":5}}]},"9":{"loc":{"start":{"line":56,"column":4},"end":{"line":58,"column":5}},"type":"if","locations":[{"start":{"line":56,"column":4},"end":{"line":58,"column":5}}]},"10":{"loc":{"start":{"line":60,"column":4},"end":{"line":60,"column":92}},"type":"if","locations":[{"start":{"line":60,"column":4},"end":{"line":60,"column":92}}]},"11":{"loc":{"start":{"line":60,"column":8},"end":{"line":60,"column":27}},"type":"binary-expr","locations":[{"start":{"line":60,"column":8},"end":{"line":60,"column":17}},{"start":{"line":60,"column":21},"end":{"line":60,"column":27}}]},"12":{"loc":{"start":{"line":71,"column":4},"end":{"line":73,"column":5}},"type":"if","locations":[{"start":{"line":71,"column":4},"end":{"line":73,"column":5}}]},"13":{"loc":{"start":{"line":75,"column":4},"end":{"line":75,"column":92}},"type":"if","locations":[{"start":{"line":75,"column":4},"end":{"line":75,"column":92}}]},"14":{"loc":{"start":{"line":75,"column":8},"end":{"line":75,"column":27}},"type":"binary-expr","locations":[{"start":{"line":75,"column":8},"end":{"line":75,"column":17}},{"start":{"line":75,"column":21},"end":{"line":75,"column":27}}]}},"s":{"0":3,"1":3,"2":3,"3":3,"4":3,"5":6,"6":6,"7":6,"8":1,"9":1,"10":5,"11":5,"12":1,"13":4,"14":4,"15":4,"16":3,"17":3,"18":3,"19":3,"20":4,"21":4,"22":4,"23":1,"24":1,"25":3,"26":3,"27":1,"28":2,"29":1,"30":3,"31":3,"32":3,"33":3,"34":3,"35":3,"36":1,"37":1,"38":2,"39":1,"40":2,"41":3,"42":3,"43":4,"44":4,"45":4,"46":1,"47":1,"48":3,"49":3,"50":1,"51":2,"52":1,"53":3,"54":3,"55":3,"56":4,"57":4,"58":4,"59":1,"60":1,"61":3,"62":3,"63":1,"64":2,"65":1,"66":3,"67":3},"f":{"0":6,"1":1,"2":4,"3":1,"4":3,"5":1,"6":4,"7":1,"8":4,"9":1},"b":{"0":[1],"1":[1],"2":[5,5],"3":[4,2],"4":[4,2],"5":[1],"6":[1],"7":[3,3],"8":[1],"9":[1],"10":[1],"11":[3,3],"12":[1],"13":[1],"14":[3,3]}}
,"C:\\Users\\svalerperez\\Downloads\\node-api\\src\\errors\\AppError.ts": {"path":"C:\\Users\\svalerperez\\Downloads\\node-api\\src\\errors\\AppError.ts","statementMap":{"0":{"start":{"line":3,"column":4},"end":{"line":3,"column":19}},"1":{"start":{"line":2,"column":21},"end":{"line":2,"column":39}},"2":{"start":{"line":4,"column":4},"end":{"line":4,"column":27}},"3":{"start":{"line":5,"column":4},"end":{"line":5,"column":54}},"4":{"start":{"line":1,"column":0},"end":{"line":1,"column":13}}},"fnMap":{"0":{"name":"(anonymous_0)","decl":{"start":{"line":2,"column":2},"end":{"line":2,"column":21}},"loc":{"start":{"line":2,"column":56},"end":{"line":6,"column":3}}}},"branchMap":{},"s":{"0":30,"1":30,"2":30,"3":30,"4":13},"f":{"0":30},"b":{}}
,"C:\\Users\\svalerperez\\Downloads\\node-api\\src\\errors\\NotFoundError.ts": {"path":"C:\\Users\\svalerperez\\Downloads\\node-api\\src\\errors\\NotFoundError.ts","statementMap":{"0":{"start":{"line":1,"column":0},"end":{"line":1,"column":38}},"1":{"start":{"line":5,"column":4},"end":{"line":5,"column":24}},"2":{"start":{"line":3,"column":0},"end":{"line":3,"column":13}}},"fnMap":{"0":{"name":"(anonymous_0)","decl":{"start":{"line":4,"column":2},"end":{"line":4,"column":14}},"loc":{"start":{"line":4,"column":47},"end":{"line":6,"column":3}}}},"branchMap":{"0":{"loc":{"start":{"line":4,"column":14},"end":{"line":4,"column":47}},"type":"default-arg","locations":[{"start":{"line":4,"column":24},"end":{"line":4,"column":47}}]}},"s":{"0":8,"1":10,"2":8},"f":{"0":10},"b":{"0":[1]}}
,"C:\\Users\\svalerperez\\Downloads\\node-api\\src\\errors\\ValidationError.ts": {"path":"C:\\Users\\svalerperez\\Downloads\\node-api\\src\\errors\\ValidationError.ts","statementMap":{"0":{"start":{"line":1,"column":0},"end":{"line":1,"column":38}},"1":{"start":{"line":5,"column":4},"end":{"line":5,"column":24}},"2":{"start":{"line":3,"column":0},"end":{"line":3,"column":13}}},"fnMap":{"0":{"name":"(anonymous_0)","decl":{"start":{"line":4,"column":2},"end":{"line":4,"column":14}},"loc":{"start":{"line":4,"column":52},"end":{"line":6,"column":3}}}},"branchMap":{"0":{"loc":{"start":{"line":4,"column":14},"end":{"line":4,"column":52}},"type":"default-arg","locations":[{"start":{"line":4,"column":24},"end":{"line":4,"column":52}}]}},"s":{"0":6,"1":18,"2":6},"f":{"0":18},"b":{"0":[1]}}
,"C:\\Users\\svalerperez\\Downloads\\node-api\\src\\middlewares\\errorMiddleware.ts": {"path":"C:\\Users\\svalerperez\\Downloads\\node-api\\src\\middlewares\\errorMiddleware.ts","statementMap":{"0":{"start":{"line":2,"column":0},"end":{"line":2,"column":46}},"1":{"start":{"line":3,"column":0},"end":{"line":3,"column":58}},"2":{"start":{"line":5,"column":31},"end":{"line":17,"column":1}},"3":{"start":{"line":11,"column":2},"end":{"line":14,"column":3}},"4":{"start":{"line":12,"column":4},"end":{"line":12,"column":48}},"5":{"start":{"line":13,"column":4},"end":{"line":13,"column":11}},"6":{"start":{"line":15,"column":2},"end":{"line":15,"column":21}},"7":{"start":{"line":16,"column":2},"end":{"line":16,"column":52}},"8":{"start":{"line":5,"column":13},"end":{"line":5,"column":31}}},"fnMap":{"0":{"name":"(anonymous_0)","decl":{"start":{"line":5,"column":31},"end":{"line":5,"column":null}},"loc":{"start":{"line":10,"column":10},"end":{"line":17,"column":1}}}},"branchMap":{"0":{"loc":{"start":{"line":11,"column":2},"end":{"line":14,"column":3}},"type":"if","locations":[{"start":{"line":11,"column":2},"end":{"line":14,"column":3}}]}},"s":{"0":1,"1":1,"2":1,"3":2,"4":1,"5":1,"6":1,"7":1,"8":1},"f":{"0":2},"b":{"0":[1]}}
,"C:\\Users\\svalerperez\\Downloads\\node-api\\src\\models\\ciudad.model.ts": {"path":"C:\\Users\\svalerperez\\Downloads\\node-api\\src\\models\\ciudad.model.ts","statementMap":{"0":{"start":{"line":1,"column":0},"end":{"line":1,"column":55}},"1":{"start":{"line":2,"column":0},"end":{"line":2,"column":43}},"2":{"start":{"line":33,"column":0},"end":{"line":50,"column":2}},"3":{"start":{"line":52,"column":0},"end":{"line":52,"column":22}}},"fnMap":{},"branchMap":{},"s":{"0":9,"1":9,"2":9,"3":9},"f":{},"b":{}}
,"C:\\Users\\svalerperez\\Downloads\\node-api\\src\\models\\index.ts": {"path":"C:\\Users\\svalerperez\\Downloads\\node-api\\src\\models\\index.ts","statementMap":{"0":{"start":{"line":1,"column":0},"end":{"line":1,"column":7}},"1":{"start":{"line":7,"column":9},"end":{"line":1,"column":36}},"2":{"start":{"line":2,"column":0},"end":{"line":2,"column":7}},"3":{"start":{"line":7,"column":17},"end":{"line":2,"column":34}},"4":{"start":{"line":4,"column":0},"end":{"line":4,"column":66}},"5":{"start":{"line":5,"column":0},"end":{"line":5,"column":67}}},"fnMap":{},"branchMap":{},"s":{"0":9,"1":9,"2":9,"3":9,"4":9,"5":9},"f":{},"b":{}}
,"C:\\Users\\svalerperez\\Downloads\\node-api\\src\\models\\lugar.model.ts": {"path":"C:\\Users\\svalerperez\\Downloads\\node-api\\src\\models\\lugar.model.ts","statementMap":{"0":{"start":{"line":1,"column":0},"end":{"line":1,"column":55}},"1":{"start":{"line":2,"column":0},"end":{"line":2,"column":43}},"2":{"start":{"line":28,"column":0},"end":{"line":47,"column":2}},"3":{"start":{"line":49,"column":0},"end":{"line":49,"column":21}}},"fnMap":{},"branchMap":{},"s":{"0":9,"1":9,"2":9,"3":9},"f":{},"b":{}}
,"C:\\Users\\svalerperez\\Downloads\\node-api\\src\\repositories\\ciudad.repository.ts": {"path":"C:\\Users\\svalerperez\\Downloads\\node-api\\src\\repositories\\ciudad.repository.ts","statementMap":{"0":{"start":{"line":1,"column":0},"end":{"line":1,"column":42}},"1":{"start":{"line":4,"column":31},"end":{"line":10,"column":1}},"2":{"start":{"line":5,"column":2},"end":{"line":9,"column":5}},"3":{"start":{"line":4,"column":13},"end":{"line":4,"column":31}},"4":{"start":{"line":12,"column":30},"end":{"line":16,"column":1}},"5":{"start":{"line":13,"column":2},"end":{"line":15,"column":5}},"6":{"start":{"line":12,"column":13},"end":{"line":12,"column":30}},"7":{"start":{"line":18,"column":28},"end":{"line":20,"column":1}},"8":{"start":{"line":19,"column":2},"end":{"line":19,"column":29}},"9":{"start":{"line":18,"column":13},"end":{"line":18,"column":28}},"10":{"start":{"line":22,"column":28},"end":{"line":30,"column":1}},"11":{"start":{"line":26,"column":2},"end":{"line":26,"column":47}},"12":{"start":{"line":27,"column":2},"end":{"line":29,"column":5}},"13":{"start":{"line":22,"column":13},"end":{"line":22,"column":28}},"14":{"start":{"line":32,"column":28},"end":{"line":34,"column":1}},"15":{"start":{"line":33,"column":2},"end":{"line":33,"column":43}},"16":{"start":{"line":32,"column":13},"end":{"line":32,"column":28}}},"fnMap":{"0":{"name":"(anonymous_0)","decl":{"start":{"line":4,"column":31},"end":{"line":4,"column":36}},"loc":{"start":{"line":4,"column":71},"end":{"line":10,"column":1}}},"1":{"name":"(anonymous_1)","decl":{"start":{"line":12,"column":30},"end":{"line":12,"column":35}},"loc":{"start":{"line":12,"column":51},"end":{"line":16,"column":1}}},"2":{"name":"(anonymous_2)","decl":{"start":{"line":18,"column":28},"end":{"line":18,"column":33}},"loc":{"start":{"line":18,"column":73},"end":{"line":20,"column":1}}},"3":{"name":"(anonymous_3)","decl":{"start":{"line":22,"column":28},"end":{"line":22,"column":33}},"loc":{"start":{"line":25,"column":4},"end":{"line":30,"column":1}}},"4":{"name":"(anonymous_4)","decl":{"start":{"line":32,"column":28},"end":{"line":32,"column":33}},"loc":{"start":{"line":32,"column":49},"end":{"line":34,"column":1}}}},"branchMap":{},"s":{"0":8,"1":8,"2":1,"3":8,"4":8,"5":1,"6":8,"7":8,"8":1,"9":8,"10":8,"11":1,"12":1,"13":8,"14":8,"15":1,"16":8},"f":{"0":1,"1":1,"2":1,"3":1,"4":1},"b":{}}
,"C:\\Users\\svalerperez\\Downloads\\node-api\\src\\repositories\\lugar.repository.ts": {"path":"C:\\Users\\svalerperez\\Downloads\\node-api\\src\\repositories\\lugar.repository.ts","statementMap":{"0":{"start":{"line":1,"column":0},"end":{"line":1,"column":34}},"1":{"start":{"line":4,"column":35},"end":{"line":11,"column":1}},"2":{"start":{"line":5,"column":2},"end":{"line":10,"column":5}},"3":{"start":{"line":4,"column":13},"end":{"line":4,"column":35}},"4":{"start":{"line":13,"column":29},"end":{"line":15,"column":1}},"5":{"start":{"line":14,"column":2},"end":{"line":14,"column":28}},"6":{"start":{"line":13,"column":13},"end":{"line":13,"column":29}},"7":{"start":{"line":17,"column":27},"end":{"line":19,"column":1}},"8":{"start":{"line":18,"column":2},"end":{"line":18,"column":28}},"9":{"start":{"line":17,"column":13},"end":{"line":17,"column":27}},"10":{"start":{"line":21,"column":27},"end":{"line":27,"column":1}},"11":{"start":{"line":25,"column":2},"end":{"line":25,"column":46}},"12":{"start":{"line":26,"column":2},"end":{"line":26,"column":28}},"13":{"start":{"line":21,"column":13},"end":{"line":21,"column":27}},"14":{"start":{"line":29,"column":27},"end":{"line":31,"column":1}},"15":{"start":{"line":30,"column":2},"end":{"line":30,"column":42}},"16":{"start":{"line":29,"column":13},"end":{"line":29,"column":27}}},"fnMap":{"0":{"name":"(anonymous_0)","decl":{"start":{"line":4,"column":35},"end":{"line":4,"column":40}},"loc":{"start":{"line":4,"column":94},"end":{"line":11,"column":1}}},"1":{"name":"(anonymous_1)","decl":{"start":{"line":13,"column":29},"end":{"line":13,"column":34}},"loc":{"start":{"line":13,"column":50},"end":{"line":15,"column":1}}},"2":{"name":"(anonymous_2)","decl":{"start":{"line":17,"column":27},"end":{"line":17,"column":32}},"loc":{"start":{"line":17,"column":71},"end":{"line":19,"column":1}}},"3":{"name":"(anonymous_3)","decl":{"start":{"line":21,"column":27},"end":{"line":21,"column":32}},"loc":{"start":{"line":24,"column":4},"end":{"line":27,"column":1}}},"4":{"name":"(anonymous_4)","decl":{"start":{"line":29,"column":27},"end":{"line":29,"column":32}},"loc":{"start":{"line":29,"column":48},"end":{"line":31,"column":1}}}},"branchMap":{},"s":{"0":5,"1":5,"2":1,"3":5,"4":5,"5":1,"6":5,"7":5,"8":1,"9":5,"10":5,"11":1,"12":1,"13":5,"14":5,"15":1,"16":5},"f":{"0":1,"1":1,"2":1,"3":1,"4":1},"b":{}}
,"C:\\Users\\svalerperez\\Downloads\\node-api\\src\\routes\\ciudad.routes.ts": {"path":"C:\\Users\\svalerperez\\Downloads\\node-api\\src\\routes\\ciudad.routes.ts","statementMap":{"0":{"start":{"line":1,"column":0},"end":{"line":1,"column":33}},"1":{"start":{"line":2,"column":0},"end":{"line":2,"column":48}},"2":{"start":{"line":3,"column":0},"end":{"line":3,"column":69}},"3":{"start":{"line":5,"column":15},"end":{"line":5,"column":23}},"4":{"start":{"line":7,"column":0},"end":{"line":7,"column":49}},"5":{"start":{"line":9,"column":0},"end":{"line":13,"column":2}},"6":{"start":{"line":15,"column":30},"end":{"line":24,"column":2}},"7":{"start":{"line":26,"column":0},"end":{"line":26,"column":71}},"8":{"start":{"line":28,"column":0},"end":{"line":32,"column":2}},"9":{"start":{"line":34,"column":0},"end":{"line":38,"column":2}},"10":{"start":{"line":40,"column":0},"end":{"line":40,"column":22}}},"fnMap":{},"branchMap":{},"s":{"0":2,"1":2,"2":2,"3":2,"4":2,"5":2,"6":2,"7":2,"8":2,"9":2,"10":2},"f":{},"b":{}}
,"C:\\Users\\svalerperez\\Downloads\\node-api\\src\\routes\\index.ts": {"path":"C:\\Users\\svalerperez\\Downloads\\node-api\\src\\routes\\index.ts","statementMap":{"0":{"start":{"line":1,"column":0},"end":{"line":1,"column":33}},"1":{"start":{"line":2,"column":0},"end":{"line":2,"column":43}},"2":{"start":{"line":3,"column":0},"end":{"line":3,"column":41}},"3":{"start":{"line":5,"column":15},"end":{"line":5,"column":23}},"4":{"start":{"line":7,"column":0},"end":{"line":7,"column":38}},"5":{"start":{"line":8,"column":0},"end":{"line":8,"column":36}},"6":{"start":{"line":10,"column":0},"end":{"line":10,"column":22}}},"fnMap":{},"branchMap":{},"s":{"0":1,"1":1,"2":1,"3":1,"4":1,"5":1,"6":1},"f":{},"b":{}}
,"C:\\Users\\svalerperez\\Downloads\\node-api\\src\\routes\\lugar.routes.ts": {"path":"C:\\Users\\svalerperez\\Downloads\\node-api\\src\\routes\\lugar.routes.ts","statementMap":{"0":{"start":{"line":1,"column":0},"end":{"line":1,"column":33}},"1":{"start":{"line":2,"column":0},"end":{"line":2,"column":48}},"2":{"start":{"line":3,"column":0},"end":{"line":3,"column":67}},"3":{"start":{"line":5,"column":15},"end":{"line":5,"column":23}},"4":{"start":{"line":7,"column":0},"end":{"line":11,"column":2}},"5":{"start":{"line":13,"column":0},"end":{"line":17,"column":2}},"6":{"start":{"line":19,"column":29},"end":{"line":26,"column":2}},"7":{"start":{"line":28,"column":0},"end":{"line":28,"column":68}},"8":{"start":{"line":30,"column":0},"end":{"line":34,"column":2}},"9":{"start":{"line":36,"column":0},"end":{"line":40,"column":2}},"10":{"start":{"line":42,"column":0},"end":{"line":42,"column":22}}},"fnMap":{},"branchMap":{},"s":{"0":2,"1":2,"2":2,"3":2,"4":2,"5":2,"6":2,"7":2,"8":2,"9":2,"10":2},"f":{},"b":{}}
,"C:\\Users\\svalerperez\\Downloads\\node-api\\src\\services\\ciudad.service.ts": {"path":"C:\\Users\\svalerperez\\Downloads\\node-api\\src\\services\\ciudad.service.ts","statementMap":{"0":{"start":{"line":1,"column":0},"end":{"line":1,"column":64}},"1":{"start":{"line":3,"column":0},"end":{"line":3,"column":56}},"2":{"start":{"line":5,"column":30},"end":{"line":9,"column":1}},"3":{"start":{"line":6,"column":17},"end":{"line":6,"column":35}},"4":{"start":{"line":7,"column":26},"end":{"line":7,"column":73}},"5":{"start":{"line":8,"column":2},"end":{"line":8,"column":38}},"6":{"start":{"line":5,"column":13},"end":{"line":5,"column":30}},"7":{"start":{"line":11,"column":29},"end":{"line":15,"column":1}},"8":{"start":{"line":12,"column":17},"end":{"line":12,"column":52}},"9":{"start":{"line":13,"column":2},"end":{"line":13,"column":76}},"10":{"start":{"line":13,"column":15},"end":{"line":13,"column":76}},"11":{"start":{"line":14,"column":2},"end":{"line":14,"column":16}},"12":{"start":{"line":11,"column":13},"end":{"line":11,"column":29}},"13":{"start":{"line":17,"column":28},"end":{"line":19,"column":1}},"14":{"start":{"line":18,"column":2},"end":{"line":18,"column":39}},"15":{"start":{"line":17,"column":13},"end":{"line":17,"column":28}},"16":{"start":{"line":21,"column":28},"end":{"line":25,"column":1}},"17":{"start":{"line":22,"column":17},"end":{"line":22,"column":52}},"18":{"start":{"line":23,"column":2},"end":{"line":23,"column":76}},"19":{"start":{"line":23,"column":15},"end":{"line":23,"column":76}},"20":{"start":{"line":24,"column":2},"end":{"line":24,"column":43}},"21":{"start":{"line":21,"column":13},"end":{"line":21,"column":28}},"22":{"start":{"line":27,"column":28},"end":{"line":31,"column":1}},"23":{"start":{"line":28,"column":17},"end":{"line":28,"column":52}},"24":{"start":{"line":29,"column":2},"end":{"line":29,"column":76}},"25":{"start":{"line":29,"column":15},"end":{"line":29,"column":76}},"26":{"start":{"line":30,"column":2},"end":{"line":30,"column":36}},"27":{"start":{"line":27,"column":13},"end":{"line":27,"column":28}}},"fnMap":{"0":{"name":"(anonymous_9)","decl":{"start":{"line":5,"column":30},"end":{"line":5,"column":35}},"loc":{"start":{"line":5,"column":68},"end":{"line":9,"column":1}}},"1":{"name":"(anonymous_10)","decl":{"start":{"line":11,"column":29},"end":{"line":11,"column":34}},"loc":{"start":{"line":11,"column":50},"end":{"line":15,"column":1}}},"2":{"name":"(anonymous_11)","decl":{"start":{"line":17,"column":28},"end":{"line":17,"column":33}},"loc":{"start":{"line":17,"column":73},"end":{"line":19,"column":1}}},"3":{"name":"(anonymous_12)","decl":{"start":{"line":21,"column":28},"end":{"line":21,"column":33}},"loc":{"start":{"line":21,"column":94},"end":{"line":25,"column":1}}},"4":{"name":"(anonymous_13)","decl":{"start":{"line":27,"column":28},"end":{"line":27,"column":33}},"loc":{"start":{"line":27,"column":49},"end":{"line":31,"column":1}}}},"branchMap":{"0":{"loc":{"start":{"line":13,"column":2},"end":{"line":13,"column":76}},"type":"if","locations":[{"start":{"line":13,"column":2},"end":{"line":13,"column":76}}]},"1":{"loc":{"start":{"line":23,"column":2},"end":{"line":23,"column":76}},"type":"if","locations":[{"start":{"line":23,"column":2},"end":{"line":23,"column":76}}]},"2":{"loc":{"start":{"line":29,"column":2},"end":{"line":29,"column":76}},"type":"if","locations":[{"start":{"line":29,"column":2},"end":{"line":29,"column":76}}]}},"s":{"0":4,"1":4,"2":4,"3":1,"4":1,"5":1,"6":4,"7":4,"8":2,"9":2,"10":1,"11":1,"12":4,"13":4,"14":1,"15":4,"16":4,"17":2,"18":2,"19":1,"20":1,"21":4,"22":4,"23":2,"24":2,"25":1,"26":1,"27":4},"f":{"0":1,"1":2,"2":1,"3":2,"4":2},"b":{"0":[1],"1":[1],"2":[1]}}
,"C:\\Users\\svalerperez\\Downloads\\node-api\\src\\services\\lugar.service.ts": {"path":"C:\\Users\\svalerperez\\Downloads\\node-api\\src\\services\\lugar.service.ts","statementMap":{"0":{"start":{"line":1,"column":0},"end":{"line":1,"column":62}},"1":{"start":{"line":2,"column":0},"end":{"line":2,"column":64}},"2":{"start":{"line":4,"column":0},"end":{"line":4,"column":56}},"3":{"start":{"line":6,"column":34},"end":{"line":12,"column":1}},"4":{"start":{"line":7,"column":17},"end":{"line":7,"column":59}},"5":{"start":{"line":8,"column":2},"end":{"line":8,"column":83}},"6":{"start":{"line":8,"column":15},"end":{"line":8,"column":83}},"7":{"start":{"line":9,"column":17},"end":{"line":9,"column":35}},"8":{"start":{"line":10,"column":26},"end":{"line":10,"column":87}},"9":{"start":{"line":11,"column":2},"end":{"line":11,"column":38}},"10":{"start":{"line":6,"column":13},"end":{"line":6,"column":34}},"11":{"start":{"line":14,"column":28},"end":{"line":18,"column":1}},"12":{"start":{"line":15,"column":16},"end":{"line":15,"column":49}},"13":{"start":{"line":16,"column":2},"end":{"line":16,"column":74}},"14":{"start":{"line":16,"column":14},"end":{"line":16,"column":74}},"15":{"start":{"line":17,"column":2},"end":{"line":17,"column":15}},"16":{"start":{"line":14,"column":13},"end":{"line":14,"column":28}},"17":{"start":{"line":20,"column":27},"end":{"line":24,"column":1}},"18":{"start":{"line":21,"column":17},"end":{"line":21,"column":64}},"19":{"start":{"line":22,"column":2},"end":{"line":22,"column":88}},"20":{"start":{"line":22,"column":15},"end":{"line":22,"column":88}},"21":{"start":{"line":23,"column":2},"end":{"line":23,"column":37}},"22":{"start":{"line":20,"column":13},"end":{"line":20,"column":27}},"23":{"start":{"line":26,"column":27},"end":{"line":34,"column":1}},"24":{"start":{"line":27,"column":16},"end":{"line":27,"column":49}},"25":{"start":{"line":28,"column":2},"end":{"line":28,"column":74}},"26":{"start":{"line":28,"column":14},"end":{"line":28,"column":74}},"27":{"start":{"line":29,"column":2},"end":{"line":32,"column":3}},"28":{"start":{"line":30,"column":19},"end":{"line":30,"column":66}},"29":{"start":{"line":31,"column":4},"end":{"line":31,"column":90}},"30":{"start":{"line":31,"column":17},"end":{"line":31,"column":90}},"31":{"start":{"line":33,"column":2},"end":{"line":33,"column":41}},"32":{"start":{"line":26,"column":13},"end":{"line":26,"column":27}},"33":{"start":{"line":36,"column":27},"end":{"line":40,"column":1}},"34":{"start":{"line":37,"column":16},"end":{"line":37,"column":49}},"35":{"start":{"line":38,"column":2},"end":{"line":38,"column":74}},"36":{"start":{"line":38,"column":14},"end":{"line":38,"column":74}},"37":{"start":{"line":39,"column":2},"end":{"line":39,"column":34}},"38":{"start":{"line":36,"column":13},"end":{"line":36,"column":27}}},"fnMap":{"0":{"name":"(anonymous_9)","decl":{"start":{"line":6,"column":34},"end":{"line":6,"column":39}},"loc":{"start":{"line":6,"column":91},"end":{"line":12,"column":1}}},"1":{"name":"(anonymous_10)","decl":{"start":{"line":14,"column":28},"end":{"line":14,"column":33}},"loc":{"start":{"line":14,"column":49},"end":{"line":18,"column":1}}},"2":{"name":"(anonymous_11)","decl":{"start":{"line":20,"column":27},"end":{"line":20,"column":32}},"loc":{"start":{"line":20,"column":71},"end":{"line":24,"column":1}}},"3":{"name":"(anonymous_12)","decl":{"start":{"line":26,"column":27},"end":{"line":26,"column":32}},"loc":{"start":{"line":26,"column":92},"end":{"line":34,"column":1}}},"4":{"name":"(anonymous_13)","decl":{"start":{"line":36,"column":27},"end":{"line":36,"column":32}},"loc":{"start":{"line":36,"column":48},"end":{"line":40,"column":1}}}},"branchMap":{"0":{"loc":{"start":{"line":8,"column":2},"end":{"line":8,"column":83}},"type":"if","locations":[{"start":{"line":8,"column":2},"end":{"line":8,"column":83}}]},"1":{"loc":{"start":{"line":16,"column":2},"end":{"line":16,"column":74}},"type":"if","locations":[{"start":{"line":16,"column":2},"end":{"line":16,"column":74}}]},"2":{"loc":{"start":{"line":22,"column":2},"end":{"line":22,"column":88}},"type":"if","locations":[{"start":{"line":22,"column":2},"end":{"line":22,"column":88}}]},"3":{"loc":{"start":{"line":28,"column":2},"end":{"line":28,"column":74}},"type":"if","locations":[{"start":{"line":28,"column":2},"end":{"line":28,"column":74}}]},"4":{"loc":{"start":{"line":29,"column":2},"end":{"line":32,"column":3}},"type":"if","locations":[{"start":{"line":29,"column":2},"end":{"line":32,"column":3}}]},"5":{"loc":{"start":{"line":31,"column":4},"end":{"line":31,"column":90}},"type":"if","locations":[{"start":{"line":31,"column":4},"end":{"line":31,"column":90}}]},"6":{"loc":{"start":{"line":38,"column":2},"end":{"line":38,"column":74}},"type":"if","locations":[{"start":{"line":38,"column":2},"end":{"line":38,"column":74}}]}},"s":{"0":4,"1":4,"2":4,"3":4,"4":2,"5":2,"6":1,"7":1,"8":1,"9":1,"10":4,"11":4,"12":2,"13":2,"14":1,"15":1,"16":4,"17":4,"18":2,"19":2,"20":1,"21":1,"22":4,"23":4,"24":3,"25":3,"26":1,"27":2,"28":2,"29":2,"30":1,"31":1,"32":4,"33":4,"34":2,"35":2,"36":1,"37":1,"38":4},"f":{"0":2,"1":2,"2":2,"3":3,"4":2},"b":{"0":[1],"1":[1],"2":[1],"3":[1],"4":[2],"5":[1],"6":[1]}}
}
