TN:
SF:src\app.ts
FN:7,(anonymous_1)
FNF:1
FNH:1
FNDA:4,(anonymous_1)
DA:1,1
DA:2,1
DA:3,1
DA:4,1
DA:5,1
DA:7,1
DA:8,4
DA:9,4
DA:10,4
DA:11,4
DA:12,4
DA:13,4
LF:12
LH:12
BRF:0
BRH:0
end_of_record
TN:
SF:src\seed.ts
FN:3,(anonymous_0)
FNF:1
FNH:1
FNDA:3,(anonymous_0)
DA:1,1
DA:3,1
DA:4,3
DA:14,3
DA:24,3
DA:34,3
DA:35,3
DA:36,3
DA:38,3
DA:39,3
DA:40,3
DA:42,3
DA:43,3
DA:44,3
DA:47,1
LF:15
LH:15
BRF:0
BRH:0
end_of_record
TN:
SF:src\adapters\http\sendResponse.ts
FN:3,(anonymous_0)
FN:7,(anonymous_1)
FN:11,(anonymous_2)
FNF:3
FNH:3
FNDA:2,(anonymous_0)
FNDA:3,(anonymous_1)
FNDA:2,(anonymous_2)
DA:3,4
DA:4,2
DA:7,4
DA:8,3
DA:11,4
DA:18,2
LF:6
LH:6
BRDA:3,0,0,1
BRDA:7,1,0,1
BRF:2
BRH:2
end_of_record
TN:
SF:src\config\database.ts
FNF:0
FNH:0
DA:1,10
DA:3,10
DA:9,10
LF:3
LH:3
BRF:0
BRH:0
end_of_record
TN:
SF:src\config\swagger.ts
FNF:0
FNH:0
DA:1,1
DA:3,1
DA:247,1
LF:3
LH:3
BRF:0
BRH:0
end_of_record
TN:
SF:src\controllers\ciudad.controller.ts
FN:8,(anonymous_9)
FN:19,(anonymous_10)
FN:23,(anonymous_11)
FN:34,(anonymous_12)
FN:38,(anonymous_13)
FN:47,(anonymous_14)
FN:51,(anonymous_15)
FN:62,(anonymous_16)
FN:66,(anonymous_17)
FNF:9
FNH:9
FNDA:4,(anonymous_9)
FNDA:4,(anonymous_10)
FNDA:1,(anonymous_11)
FNDA:3,(anonymous_12)
FNDA:1,(anonymous_13)
FNDA:4,(anonymous_14)
FNDA:1,(anonymous_15)
FNDA:4,(anonymous_16)
FNDA:1,(anonymous_17)
DA:2,3
DA:3,3
DA:4,3
DA:5,3
DA:8,3
DA:9,4
DA:10,4
DA:11,4
DA:12,4
DA:13,3
DA:15,1
DA:19,3
DA:20,4
DA:21,4
DA:22,4
DA:23,1
DA:25,3
DA:26,3
DA:27,2
DA:28,1
DA:30,3
DA:34,3
DA:35,3
DA:36,3
DA:37,3
DA:38,1
DA:40,2
DA:41,1
DA:43,2
DA:47,3
DA:48,4
DA:49,4
DA:50,4
DA:51,1
DA:53,3
DA:54,3
DA:55,2
DA:56,1
DA:58,3
DA:62,3
DA:63,4
DA:64,4
DA:65,4
DA:66,1
DA:68,3
DA:69,3
DA:70,2
DA:71,1
DA:73,3
LF:49
LH:49
BRDA:10,0,0,4
BRDA:10,0,1,2
BRDA:11,1,0,4
BRDA:11,1,1,2
BRDA:22,2,0,1
BRDA:26,3,0,1
BRDA:26,4,0,3
BRDA:26,4,1,3
BRDA:37,5,0,1
BRDA:50,6,0,1
BRDA:54,7,0,1
BRDA:54,8,0,3
BRDA:54,8,1,3
BRDA:65,9,0,1
BRDA:69,10,0,1
BRDA:69,11,0,3
BRDA:69,11,1,3
BRF:17
BRH:17
end_of_record
TN:
SF:src\controllers\lugar.controller.ts
FN:8,(anonymous_9)
FN:12,(anonymous_10)
FN:25,(anonymous_11)
FN:29,(anonymous_12)
FN:40,(anonymous_13)
FN:44,(anonymous_14)
FN:53,(anonymous_15)
FN:57,(anonymous_16)
FN:68,(anonymous_17)
FN:72,(anonymous_18)
FNF:10
FNH:10
FNDA:6,(anonymous_9)
FNDA:1,(anonymous_10)
FNDA:4,(anonymous_11)
FNDA:1,(anonymous_12)
FNDA:3,(anonymous_13)
FNDA:1,(anonymous_14)
FNDA:4,(anonymous_15)
FNDA:1,(anonymous_16)
FNDA:4,(anonymous_17)
FNDA:1,(anonymous_18)
DA:2,3
DA:3,3
DA:4,3
DA:5,3
DA:8,3
DA:9,6
DA:10,6
DA:11,6
DA:12,1
DA:14,5
DA:15,5
DA:16,4
DA:17,4
DA:18,4
DA:19,3
DA:21,3
DA:25,3
DA:26,4
DA:27,4
DA:28,4
DA:29,1
DA:31,3
DA:32,3
DA:33,2
DA:34,1
DA:36,3
DA:40,3
DA:41,3
DA:42,3
DA:43,3
DA:44,1
DA:46,2
DA:47,1
DA:49,2
DA:53,3
DA:54,4
DA:55,4
DA:56,4
DA:57,1
DA:59,3
DA:60,3
DA:61,2
DA:62,1
DA:64,3
DA:68,3
DA:69,4
DA:70,4
DA:71,4
DA:72,1
DA:74,3
DA:75,3
DA:76,2
DA:77,1
DA:79,3
LF:54
LH:54
BRDA:11,0,0,1
BRDA:15,1,0,1
BRDA:15,2,0,5
BRDA:15,2,1,5
BRDA:16,3,0,4
BRDA:16,3,1,2
BRDA:17,4,0,4
BRDA:17,4,1,2
BRDA:28,5,0,1
BRDA:32,6,0,1
BRDA:32,7,0,3
BRDA:32,7,1,3
BRDA:43,8,0,1
BRDA:56,9,0,1
BRDA:60,10,0,1
BRDA:60,11,0,3
BRDA:60,11,1,3
BRDA:71,12,0,1
BRDA:75,13,0,1
BRDA:75,14,0,3
BRDA:75,14,1,3
BRF:21
BRH:21
end_of_record
TN:
SF:src\errors\AppError.ts
FN:2,(anonymous_0)
FNF:1
FNH:1
FNDA:30,(anonymous_0)
DA:1,13
DA:2,30
DA:3,30
DA:4,30
DA:5,30
LF:5
LH:5
BRF:0
BRH:0
end_of_record
TN:
SF:src\errors\NotFoundError.ts
FN:4,(anonymous_0)
FNF:1
FNH:1
FNDA:10,(anonymous_0)
DA:1,8
DA:3,8
DA:5,10
LF:3
LH:3
BRDA:4,0,0,1
BRF:1
BRH:1
end_of_record
TN:
SF:src\errors\ValidationError.ts
FN:4,(anonymous_0)
FNF:1
FNH:1
FNDA:18,(anonymous_0)
DA:1,6
DA:3,6
DA:5,18
LF:3
LH:3
BRDA:4,0,0,1
BRF:1
BRH:1
end_of_record
TN:
SF:src\middlewares\errorMiddleware.ts
FN:5,(anonymous_0)
FNF:1
FNH:1
FNDA:2,(anonymous_0)
DA:2,1
DA:3,1
DA:5,1
DA:11,2
DA:12,1
DA:13,1
DA:15,1
DA:16,1
LF:8
LH:8
BRDA:11,0,0,1
BRF:1
BRH:1
end_of_record
TN:
SF:src\models\ciudad.model.ts
FNF:0
FNH:0
DA:1,9
DA:2,9
DA:33,9
DA:52,9
LF:4
LH:4
BRF:0
BRH:0
end_of_record
TN:
SF:src\models\index.ts
FNF:0
FNH:0
DA:1,9
DA:2,9
DA:4,9
DA:5,9
DA:7,9
LF:5
LH:5
BRF:0
BRH:0
end_of_record
TN:
SF:src\models\lugar.model.ts
FNF:0
FNH:0
DA:1,9
DA:2,9
DA:28,9
DA:49,9
LF:4
LH:4
BRF:0
BRH:0
end_of_record
TN:
SF:src\repositories\ciudad.repository.ts
FN:4,(anonymous_0)
FN:12,(anonymous_1)
FN:18,(anonymous_2)
FN:22,(anonymous_3)
FN:32,(anonymous_4)
FNF:5
FNH:5
FNDA:1,(anonymous_0)
FNDA:1,(anonymous_1)
FNDA:1,(anonymous_2)
FNDA:1,(anonymous_3)
FNDA:1,(anonymous_4)
DA:1,8
DA:4,8
DA:5,1
DA:12,8
DA:13,1
DA:18,8
DA:19,1
DA:22,8
DA:26,1
DA:27,1
DA:32,8
DA:33,1
LF:12
LH:12
BRF:0
BRH:0
end_of_record
TN:
SF:src\repositories\lugar.repository.ts
FN:4,(anonymous_0)
FN:13,(anonymous_1)
FN:17,(anonymous_2)
FN:21,(anonymous_3)
FN:29,(anonymous_4)
FNF:5
FNH:5
FNDA:1,(anonymous_0)
FNDA:1,(anonymous_1)
FNDA:1,(anonymous_2)
FNDA:1,(anonymous_3)
FNDA:1,(anonymous_4)
DA:1,5
DA:4,5
DA:5,1
DA:13,5
DA:14,1
DA:17,5
DA:18,1
DA:21,5
DA:25,1
DA:26,1
DA:29,5
DA:30,1
LF:12
LH:12
BRF:0
BRH:0
end_of_record
TN:
SF:src\routes\ciudad.routes.ts
FNF:0
FNH:0
DA:1,2
DA:2,2
DA:3,2
DA:5,2
DA:7,2
DA:9,2
DA:15,2
DA:26,2
DA:28,2
DA:34,2
DA:40,2
LF:11
LH:11
BRF:0
BRH:0
end_of_record
TN:
SF:src\routes\index.ts
FNF:0
FNH:0
DA:1,1
DA:2,1
DA:3,1
DA:5,1
DA:7,1
DA:8,1
DA:10,1
LF:7
LH:7
BRF:0
BRH:0
end_of_record
TN:
SF:src\routes\lugar.routes.ts
FNF:0
FNH:0
DA:1,2
DA:2,2
DA:3,2
DA:5,2
DA:7,2
DA:13,2
DA:19,2
DA:28,2
DA:30,2
DA:36,2
DA:42,2
LF:11
LH:11
BRF:0
BRH:0
end_of_record
TN:
SF:src\services\ciudad.service.ts
FN:5,(anonymous_9)
FN:11,(anonymous_10)
FN:17,(anonymous_11)
FN:21,(anonymous_12)
FN:27,(anonymous_13)
FNF:5
FNH:5
FNDA:1,(anonymous_9)
FNDA:2,(anonymous_10)
FNDA:1,(anonymous_11)
FNDA:2,(anonymous_12)
FNDA:2,(anonymous_13)
DA:1,4
DA:3,4
DA:5,4
DA:6,1
DA:7,1
DA:8,1
DA:11,4
DA:12,2
DA:13,2
DA:14,1
DA:17,4
DA:18,1
DA:21,4
DA:22,2
DA:23,2
DA:24,1
DA:27,4
DA:28,2
DA:29,2
DA:30,1
LF:20
LH:20
BRDA:13,0,0,1
BRDA:23,1,0,1
BRDA:29,2,0,1
BRF:3
BRH:3
end_of_record
TN:
SF:src\services\lugar.service.ts
FN:6,(anonymous_9)
FN:14,(anonymous_10)
FN:20,(anonymous_11)
FN:26,(anonymous_12)
FN:36,(anonymous_13)
FNF:5
FNH:5
FNDA:2,(anonymous_9)
FNDA:2,(anonymous_10)
FNDA:2,(anonymous_11)
FNDA:3,(anonymous_12)
FNDA:2,(anonymous_13)
DA:1,4
DA:2,4
DA:4,4
DA:6,4
DA:7,2
DA:8,2
DA:9,1
DA:10,1
DA:11,1
DA:14,4
DA:15,2
DA:16,2
DA:17,1
DA:20,4
DA:21,2
DA:22,2
DA:23,1
DA:26,4
DA:27,3
DA:28,3
DA:29,2
DA:30,2
DA:31,2
DA:33,1
DA:36,4
DA:37,2
DA:38,2
DA:39,1
LF:28
LH:28
BRDA:8,0,0,1
BRDA:16,1,0,1
BRDA:22,2,0,1
BRDA:28,3,0,1
BRDA:29,4,0,2
BRDA:31,5,0,1
BRDA:38,6,0,1
BRF:7
BRH:7
end_of_record
